e:\qwadro\lua4d\sdk\_vs17\lua\win32\debug\lbaselib.obj
e:\qwadro\lua4d\sdk\_vs17\lua\win32\debug\lobject.obj
e:\qwadro\lua4d\sdk\_vs17\lua\win32\debug\lapi.obj
e:\qwadro\lua4d\sdk\_vs17\lua\win32\debug\lstring.obj
e:\qwadro\lua4d\sdk\_vs17\lua\win32\debug\loadlib.obj
e:\qwadro\lua4d\sdk\_vs17\lua\win32\debug\lctype.obj
e:\qwadro\lua4d\sdk\_vs17\lua\win32\debug\lgc.obj
e:\qwadro\lua4d\sdk\_vs17\lua\win32\debug\ldump.obj
e:\qwadro\lua4d\sdk\_vs17\lua\win32\debug\lcode.obj
e:\qwadro\lua4d\sdk\_vs17\lua\win32\debug\ltablib.obj
e:\qwadro\lua4d\sdk\_vs17\lua\win32\debug\loslib.obj
e:\qwadro\lua4d\sdk\_vs17\lua\win32\debug\lcorolib.obj
e:\qwadro\lua4d\sdk\_vs17\lua\win32\debug\ldo.obj
e:\qwadro\lua4d\sdk\_vs17\lua\win32\debug\lstate.obj
e:\qwadro\lua4d\sdk\_vs17\lua\win32\debug\ldebug.obj
e:\qwadro\lua4d\sdk\_vs17\lua\win32\debug\lopcodes.obj
e:\qwadro\lua4d\sdk\_vs17\lua\win32\debug\lparser.obj
e:\qwadro\lua4d\sdk\_vs17\lua\win32\debug\lutf8lib.obj
e:\qwadro\lua4d\sdk\_vs17\lua\win32\debug\ltm.obj
e:\qwadro\lua4d\sdk\_vs17\lua\win32\debug\ldblib.obj
e:\qwadro\lua4d\sdk\_vs17\lua\win32\debug\lmem.obj
e:\qwadro\lua4d\sdk\_vs17\lua\win32\debug\liolib.obj
e:\qwadro\lua4d\sdk\_vs17\lua\win32\debug\ltable.obj
e:\qwadro\lua4d\sdk\_vs17\lua\win32\debug\lstrlib.obj
e:\qwadro\lua4d\sdk\_vs17\lua\win32\debug\luac.obj
e:\qwadro\lua4d\sdk\_vs17\lua\win32\debug\lundump.obj
e:\qwadro\lua4d\sdk\_vs17\lua\win32\debug\llex.obj
e:\qwadro\lua4d\sdk\_vs17\lua\win32\debug\lvm.obj
e:\qwadro\lua4d\sdk\_vs17\lua\win32\debug\lfunc.obj
e:\qwadro\lua4d\sdk\_vs17\lua\win32\debug\linit.obj
e:\qwadro\lua4d\sdk\_vs17\lua\win32\debug\lauxlib.obj
e:\qwadro\lua4d\sdk\_vs17\lua\win32\debug\lmathlib.obj
e:\qwadro\lua4d\sdk\_vs17\lua\win32\debug\lzio.obj
e:\qwadro\lua4d\sdk\_vs17\system32d\lua.pdb
e:\qwadro\lua4d\sdk\_vs17\system32d\lua.dll
e:\qwadro\lua4d\sdk\_vs17\system32d\lua.lib
e:\qwadro\lua4d\sdk\_vs17\system32d\lua.exp
e:\qwadro\lua4d\sdk\_vs17\lua\win32\debug\lua.res
e:\qwadro\lua4d\sdk\_vs17\lua\win32\debug\lua.tlog\clang-cl.1292.delete.1.tlog
e:\qwadro\lua4d\sdk\_vs17\lua\win32\debug\lua.tlog\clang-cl.1292.write.1.tlog
e:\qwadro\lua4d\sdk\_vs17\lua\win32\debug\lua.tlog\clang-cl.1920.delete.1.tlog
e:\qwadro\lua4d\sdk\_vs17\lua\win32\debug\lua.tlog\clang-cl.2368.delete.1.tlog
e:\qwadro\lua4d\sdk\_vs17\lua\win32\debug\lua.tlog\clang-cl.2740.delete.1.tlog
e:\qwadro\lua4d\sdk\_vs17\lua\win32\debug\lua.tlog\clang-cl.3300.delete.1.tlog
e:\qwadro\lua4d\sdk\_vs17\lua\win32\debug\lua.tlog\clang-cl.3376.delete.1.tlog
e:\qwadro\lua4d\sdk\_vs17\lua\win32\debug\lua.tlog\clang-cl.4400.delete.1.tlog
e:\qwadro\lua4d\sdk\_vs17\lua\win32\debug\lua.tlog\clang-cl.4468.delete.1.tlog
e:\qwadro\lua4d\sdk\_vs17\lua\win32\debug\lua.tlog\clang-cl.4592.delete.1.tlog
e:\qwadro\lua4d\sdk\_vs17\lua\win32\debug\lua.tlog\clang-cl.4948.delete.1.tlog
e:\qwadro\lua4d\sdk\_vs17\lua\win32\debug\lua.tlog\clang-cl.5060.delete.1.tlog
e:\qwadro\lua4d\sdk\_vs17\lua\win32\debug\lua.tlog\clang-cl.5708.delete.1.tlog
e:\qwadro\lua4d\sdk\_vs17\lua\win32\debug\lua.tlog\clang-cl.5748.delete.1.tlog
e:\qwadro\lua4d\sdk\_vs17\lua\win32\debug\lua.tlog\clang-cl.5772.delete.1.tlog
e:\qwadro\lua4d\sdk\_vs17\lua\win32\debug\lua.tlog\clang-cl.5860.delete.1.tlog
e:\qwadro\lua4d\sdk\_vs17\lua\win32\debug\lua.tlog\clang-cl.5948.delete.1.tlog
e:\qwadro\lua4d\sdk\_vs17\lua\win32\debug\lua.tlog\clang-cl.5984.delete.1.tlog
e:\qwadro\lua4d\sdk\_vs17\lua\win32\debug\lua.tlog\clang-cl.6004.delete.1.tlog
e:\qwadro\lua4d\sdk\_vs17\lua\win32\debug\lua.tlog\clang-cl.632.delete.1.tlog
e:\qwadro\lua4d\sdk\_vs17\lua\win32\debug\lua.tlog\clang-cl.6388.delete.1.tlog
e:\qwadro\lua4d\sdk\_vs17\lua\win32\debug\lua.tlog\clang-cl.6632.delete.1.tlog
e:\qwadro\lua4d\sdk\_vs17\lua\win32\debug\lua.tlog\clang-cl.6664.delete.1.tlog
e:\qwadro\lua4d\sdk\_vs17\lua\win32\debug\lua.tlog\clang-cl.6672.delete.1.tlog
e:\qwadro\lua4d\sdk\_vs17\lua\win32\debug\lua.tlog\clang-cl.6792.delete.1.tlog
e:\qwadro\lua4d\sdk\_vs17\lua\win32\debug\lua.tlog\clang-cl.6856.delete.1.tlog
e:\qwadro\lua4d\sdk\_vs17\lua\win32\debug\lua.tlog\clang-cl.6936.delete.1.tlog
e:\qwadro\lua4d\sdk\_vs17\lua\win32\debug\lua.tlog\clang-cl.6992.delete.1.tlog
e:\qwadro\lua4d\sdk\_vs17\lua\win32\debug\lua.tlog\clang-cl.7536.delete.1.tlog
e:\qwadro\lua4d\sdk\_vs17\lua\win32\debug\lua.tlog\clang-cl.7656.delete.1.tlog
e:\qwadro\lua4d\sdk\_vs17\lua\win32\debug\lua.tlog\clang-cl.7716.delete.1.tlog
e:\qwadro\lua4d\sdk\_vs17\lua\win32\debug\lua.tlog\clang-cl.7924.delete.1.tlog
e:\qwadro\lua4d\sdk\_vs17\lua\win32\debug\lua.tlog\clang-cl.8012.delete.1.tlog
e:\qwadro\lua4d\sdk\_vs17\lua\win32\debug\lua.tlog\clang-cl.816.delete.1.tlog
e:\qwadro\lua4d\sdk\_vs17\lua\win32\debug\lua.tlog\clang-cl.command.1.tlog
e:\qwadro\lua4d\sdk\_vs17\lua\win32\debug\lua.tlog\clang-cl.read.1.tlog
e:\qwadro\lua4d\sdk\_vs17\lua\win32\debug\lua.tlog\lld-link.command.1.tlog
e:\qwadro\lua4d\sdk\_vs17\lua\win32\debug\lua.tlog\lld-link.delete.1.tlog
e:\qwadro\lua4d\sdk\_vs17\lua\win32\debug\lua.tlog\lld-link.read.1.tlog
e:\qwadro\lua4d\sdk\_vs17\lua\win32\debug\lua.tlog\lld-link.write.1.tlog
e:\qwadro\lua4d\sdk\_vs17\lua\win32\debug\lua.tlog\lua.write.1u.tlog
e:\qwadro\lua4d\sdk\_vs17\lua\win32\debug\lua.tlog\rc.command.1.tlog
e:\qwadro\lua4d\sdk\_vs17\lua\win32\debug\lua.tlog\rc.read.1.tlog
e:\qwadro\lua4d\sdk\_vs17\lua\win32\debug\lua.tlog\rc.write.1.tlog
