e:\qwadro\lua4d\sdk\_vs17\lua\x64\release\lvm.obj
e:\qwadro\lua4d\sdk\_vs17\lua\x64\release\lmathlib.obj
e:\qwadro\lua4d\sdk\_vs17\lua\x64\release\ldump.obj
e:\qwadro\lua4d\sdk\_vs17\lua\x64\release\ltable.obj
e:\qwadro\lua4d\sdk\_vs17\lua\x64\release\lopcodes.obj
e:\qwadro\lua4d\sdk\_vs17\lua\x64\release\ldblib.obj
e:\qwadro\lua4d\sdk\_vs17\lua\x64\release\ltablib.obj
e:\qwadro\lua4d\sdk\_vs17\lua\x64\release\lstring.obj
e:\qwadro\lua4d\sdk\_vs17\lua\x64\release\lzio.obj
e:\qwadro\lua4d\sdk\_vs17\lua\x64\release\lcode.obj
e:\qwadro\lua4d\sdk\_vs17\lua\x64\release\lbaselib.obj
e:\qwadro\lua4d\sdk\_vs17\lua\x64\release\ltm.obj
e:\qwadro\lua4d\sdk\_vs17\lua\x64\release\lobject.obj
e:\qwadro\lua4d\sdk\_vs17\lua\x64\release\lfunc.obj
e:\qwadro\lua4d\sdk\_vs17\lua\x64\release\lgc.obj
e:\qwadro\lua4d\sdk\_vs17\lua\x64\release\lparser.obj
e:\qwadro\lua4d\sdk\_vs17\lua\x64\release\ldebug.obj
e:\qwadro\lua4d\sdk\_vs17\lua\x64\release\lcorolib.obj
e:\qwadro\lua4d\sdk\_vs17\lua\x64\release\lstrlib.obj
e:\qwadro\lua4d\sdk\_vs17\lua\x64\release\linit.obj
e:\qwadro\lua4d\sdk\_vs17\lua\x64\release\lstate.obj
e:\qwadro\lua4d\sdk\_vs17\lua\x64\release\luac.obj
e:\qwadro\lua4d\sdk\_vs17\lua\x64\release\liolib.obj
e:\qwadro\lua4d\sdk\_vs17\lua\x64\release\ldo.obj
e:\qwadro\lua4d\sdk\_vs17\lua\x64\release\lutf8lib.obj
e:\qwadro\lua4d\sdk\_vs17\lua\x64\release\lmem.obj
e:\qwadro\lua4d\sdk\_vs17\lua\x64\release\lauxlib.obj
e:\qwadro\lua4d\sdk\_vs17\lua\x64\release\lapi.obj
e:\qwadro\lua4d\sdk\_vs17\lua\x64\release\loadlib.obj
e:\qwadro\lua4d\sdk\_vs17\lua\x64\release\loslib.obj
e:\qwadro\lua4d\sdk\_vs17\lua\x64\release\lctype.obj
e:\qwadro\lua4d\sdk\_vs17\lua\x64\release\lundump.obj
e:\qwadro\lua4d\sdk\_vs17\lua\x64\release\llex.obj
e:\qwadro\lua4d\system64\lua.pdb
e:\qwadro\lua4d\system64\lua.dll
e:\qwadro\lua4d\system64\lua.lib
e:\qwadro\lua4d\system64\lua.exp
e:\qwadro\lua4d\sdk\_vs17\lua\x64\release\lua.res
e:\qwadro\lua4d\sdk\_vs17\..\..\system64\lua.pdb
e:\qwadro\lua4d\sdk\_vs17\..\..\system64\lua.dll
e:\qwadro\lua4d\sdk\_vs17\lua\x64\release\lua.tlog\clang-cl.1916.delete.1.tlog
e:\qwadro\lua4d\sdk\_vs17\lua\x64\release\lua.tlog\clang-cl.1916.write.1.tlog
e:\qwadro\lua4d\sdk\_vs17\lua\x64\release\lua.tlog\clang-cl.1960.delete.1.tlog
e:\qwadro\lua4d\sdk\_vs17\lua\x64\release\lua.tlog\clang-cl.2368.delete.1.tlog
e:\qwadro\lua4d\sdk\_vs17\lua\x64\release\lua.tlog\clang-cl.2632.delete.1.tlog
e:\qwadro\lua4d\sdk\_vs17\lua\x64\release\lua.tlog\clang-cl.3200.delete.1.tlog
e:\qwadro\lua4d\sdk\_vs17\lua\x64\release\lua.tlog\clang-cl.3464.delete.1.tlog
e:\qwadro\lua4d\sdk\_vs17\lua\x64\release\lua.tlog\clang-cl.3696.delete.1.tlog
e:\qwadro\lua4d\sdk\_vs17\lua\x64\release\lua.tlog\clang-cl.3708.delete.1.tlog
e:\qwadro\lua4d\sdk\_vs17\lua\x64\release\lua.tlog\clang-cl.3908.delete.1.tlog
e:\qwadro\lua4d\sdk\_vs17\lua\x64\release\lua.tlog\clang-cl.3936.delete.1.tlog
e:\qwadro\lua4d\sdk\_vs17\lua\x64\release\lua.tlog\clang-cl.4608.delete.1.tlog
e:\qwadro\lua4d\sdk\_vs17\lua\x64\release\lua.tlog\clang-cl.4860.delete.1.tlog
e:\qwadro\lua4d\sdk\_vs17\lua\x64\release\lua.tlog\clang-cl.488.delete.1.tlog
e:\qwadro\lua4d\sdk\_vs17\lua\x64\release\lua.tlog\clang-cl.5020.delete.1.tlog
e:\qwadro\lua4d\sdk\_vs17\lua\x64\release\lua.tlog\clang-cl.5412.delete.1.tlog
e:\qwadro\lua4d\sdk\_vs17\lua\x64\release\lua.tlog\clang-cl.5760.delete.1.tlog
e:\qwadro\lua4d\sdk\_vs17\lua\x64\release\lua.tlog\clang-cl.6008.delete.1.tlog
e:\qwadro\lua4d\sdk\_vs17\lua\x64\release\lua.tlog\clang-cl.6028.delete.1.tlog
e:\qwadro\lua4d\sdk\_vs17\lua\x64\release\lua.tlog\clang-cl.6132.delete.1.tlog
e:\qwadro\lua4d\sdk\_vs17\lua\x64\release\lua.tlog\clang-cl.6248.delete.1.tlog
e:\qwadro\lua4d\sdk\_vs17\lua\x64\release\lua.tlog\clang-cl.6740.delete.1.tlog
e:\qwadro\lua4d\sdk\_vs17\lua\x64\release\lua.tlog\clang-cl.6876.delete.1.tlog
e:\qwadro\lua4d\sdk\_vs17\lua\x64\release\lua.tlog\clang-cl.6884.delete.1.tlog
e:\qwadro\lua4d\sdk\_vs17\lua\x64\release\lua.tlog\clang-cl.7184.delete.1.tlog
e:\qwadro\lua4d\sdk\_vs17\lua\x64\release\lua.tlog\clang-cl.7244.delete.1.tlog
e:\qwadro\lua4d\sdk\_vs17\lua\x64\release\lua.tlog\clang-cl.7304.delete.1.tlog
e:\qwadro\lua4d\sdk\_vs17\lua\x64\release\lua.tlog\clang-cl.7424.delete.1.tlog
e:\qwadro\lua4d\sdk\_vs17\lua\x64\release\lua.tlog\clang-cl.7452.delete.1.tlog
e:\qwadro\lua4d\sdk\_vs17\lua\x64\release\lua.tlog\clang-cl.7664.delete.1.tlog
e:\qwadro\lua4d\sdk\_vs17\lua\x64\release\lua.tlog\clang-cl.7884.delete.1.tlog
e:\qwadro\lua4d\sdk\_vs17\lua\x64\release\lua.tlog\clang-cl.7936.delete.1.tlog
e:\qwadro\lua4d\sdk\_vs17\lua\x64\release\lua.tlog\clang-cl.7960.delete.1.tlog
e:\qwadro\lua4d\sdk\_vs17\lua\x64\release\lua.tlog\clang-cl.8148.delete.1.tlog
e:\qwadro\lua4d\sdk\_vs17\lua\x64\release\lua.tlog\clang-cl.command.1.tlog
e:\qwadro\lua4d\sdk\_vs17\lua\x64\release\lua.tlog\clang-cl.read.1.tlog
e:\qwadro\lua4d\sdk\_vs17\lua\x64\release\lua.tlog\lld-link.command.1.tlog
e:\qwadro\lua4d\sdk\_vs17\lua\x64\release\lua.tlog\lld-link.delete.1.tlog
e:\qwadro\lua4d\sdk\_vs17\lua\x64\release\lua.tlog\lld-link.read.1.tlog
e:\qwadro\lua4d\sdk\_vs17\lua\x64\release\lua.tlog\lld-link.write.1.tlog
e:\qwadro\lua4d\sdk\_vs17\lua\x64\release\lua.tlog\lua.write.1u.tlog
e:\qwadro\lua4d\sdk\_vs17\lua\x64\release\lua.tlog\rc.command.1.tlog
e:\qwadro\lua4d\sdk\_vs17\lua\x64\release\lua.tlog\rc.read.1.tlog
e:\qwadro\lua4d\sdk\_vs17\lua\x64\release\lua.tlog\rc.write.1.tlog
