e:\qwadro\lua4d\sdk\_vs17\lua\x64\debug\lstring.obj
e:\qwadro\lua4d\sdk\_vs17\lua\x64\debug\lvm.obj
e:\qwadro\lua4d\sdk\_vs17\lua\x64\debug\lobject.obj
e:\qwadro\lua4d\sdk\_vs17\lua\x64\debug\lauxlib.obj
e:\qwadro\lua4d\sdk\_vs17\lua\x64\debug\lmem.obj
e:\qwadro\lua4d\sdk\_vs17\lua\x64\debug\llex.obj
e:\qwadro\lua4d\sdk\_vs17\lua\x64\debug\lgc.obj
e:\qwadro\lua4d\sdk\_vs17\lua\x64\debug\lundump.obj
e:\qwadro\lua4d\sdk\_vs17\lua\x64\debug\ltable.obj
e:\qwadro\lua4d\sdk\_vs17\lua\x64\debug\lbaselib.obj
e:\qwadro\lua4d\sdk\_vs17\lua\x64\debug\lutf8lib.obj
e:\qwadro\lua4d\sdk\_vs17\lua\x64\debug\ldump.obj
e:\qwadro\lua4d\sdk\_vs17\lua\x64\debug\loadlib.obj
e:\qwadro\lua4d\sdk\_vs17\lua\x64\debug\lfunc.obj
e:\qwadro\lua4d\sdk\_vs17\lua\x64\debug\lparser.obj
e:\qwadro\lua4d\sdk\_vs17\lua\x64\debug\lstate.obj
e:\qwadro\lua4d\sdk\_vs17\lua\x64\debug\linit.obj
e:\qwadro\lua4d\sdk\_vs17\lua\x64\debug\lzio.obj
e:\qwadro\lua4d\sdk\_vs17\lua\x64\debug\lcorolib.obj
e:\qwadro\lua4d\sdk\_vs17\lua\x64\debug\ldblib.obj
e:\qwadro\lua4d\sdk\_vs17\lua\x64\debug\lopcodes.obj
e:\qwadro\lua4d\sdk\_vs17\lua\x64\debug\lcode.obj
e:\qwadro\lua4d\sdk\_vs17\lua\x64\debug\ltablib.obj
e:\qwadro\lua4d\sdk\_vs17\lua\x64\debug\luac.obj
e:\qwadro\lua4d\sdk\_vs17\lua\x64\debug\lctype.obj
e:\qwadro\lua4d\sdk\_vs17\lua\x64\debug\liolib.obj
e:\qwadro\lua4d\sdk\_vs17\lua\x64\debug\loslib.obj
e:\qwadro\lua4d\sdk\_vs17\lua\x64\debug\ldebug.obj
e:\qwadro\lua4d\sdk\_vs17\lua\x64\debug\ltm.obj
e:\qwadro\lua4d\sdk\_vs17\lua\x64\debug\ldo.obj
e:\qwadro\lua4d\sdk\_vs17\lua\x64\debug\lstrlib.obj
e:\qwadro\lua4d\sdk\_vs17\lua\x64\debug\lapi.obj
e:\qwadro\lua4d\sdk\_vs17\lua\x64\debug\lmathlib.obj
e:\qwadro\lua4d\system64d\lua.pdb
e:\qwadro\lua4d\system64d\lua.dll
e:\qwadro\lua4d\system64d\lua.lib
e:\qwadro\lua4d\system64d\lua.exp
e:\qwadro\lua4d\sdk\_vs17\lua\x64\debug\lua.res
e:\qwadro\lua4d\sdk\_vs17\..\..\system64d\lua.pdb
e:\qwadro\lua4d\sdk\_vs17\..\..\system64d\lua.dll
e:\qwadro\lua4d\sdk\_vs17\lua\x64\debug\lua.tlog\clang-cl.1268.delete.1.tlog
e:\qwadro\lua4d\sdk\_vs17\lua\x64\debug\lua.tlog\clang-cl.1268.write.1.tlog
e:\qwadro\lua4d\sdk\_vs17\lua\x64\debug\lua.tlog\clang-cl.2156.delete.1.tlog
e:\qwadro\lua4d\sdk\_vs17\lua\x64\debug\lua.tlog\clang-cl.2412.delete.1.tlog
e:\qwadro\lua4d\sdk\_vs17\lua\x64\debug\lua.tlog\clang-cl.2496.delete.1.tlog
e:\qwadro\lua4d\sdk\_vs17\lua\x64\debug\lua.tlog\clang-cl.2500.delete.1.tlog
e:\qwadro\lua4d\sdk\_vs17\lua\x64\debug\lua.tlog\clang-cl.2820.delete.1.tlog
e:\qwadro\lua4d\sdk\_vs17\lua\x64\debug\lua.tlog\clang-cl.3024.delete.1.tlog
e:\qwadro\lua4d\sdk\_vs17\lua\x64\debug\lua.tlog\clang-cl.3424.delete.1.tlog
e:\qwadro\lua4d\sdk\_vs17\lua\x64\debug\lua.tlog\clang-cl.3512.delete.1.tlog
e:\qwadro\lua4d\sdk\_vs17\lua\x64\debug\lua.tlog\clang-cl.3664.delete.1.tlog
e:\qwadro\lua4d\sdk\_vs17\lua\x64\debug\lua.tlog\clang-cl.3812.delete.1.tlog
e:\qwadro\lua4d\sdk\_vs17\lua\x64\debug\lua.tlog\clang-cl.3864.delete.1.tlog
e:\qwadro\lua4d\sdk\_vs17\lua\x64\debug\lua.tlog\clang-cl.3900.delete.1.tlog
e:\qwadro\lua4d\sdk\_vs17\lua\x64\debug\lua.tlog\clang-cl.4088.delete.1.tlog
e:\qwadro\lua4d\sdk\_vs17\lua\x64\debug\lua.tlog\clang-cl.4608.delete.1.tlog
e:\qwadro\lua4d\sdk\_vs17\lua\x64\debug\lua.tlog\clang-cl.4612.delete.1.tlog
e:\qwadro\lua4d\sdk\_vs17\lua\x64\debug\lua.tlog\clang-cl.5056.delete.1.tlog
e:\qwadro\lua4d\sdk\_vs17\lua\x64\debug\lua.tlog\clang-cl.520.delete.1.tlog
e:\qwadro\lua4d\sdk\_vs17\lua\x64\debug\lua.tlog\clang-cl.5204.delete.1.tlog
e:\qwadro\lua4d\sdk\_vs17\lua\x64\debug\lua.tlog\clang-cl.5352.delete.1.tlog
e:\qwadro\lua4d\sdk\_vs17\lua\x64\debug\lua.tlog\clang-cl.5408.delete.1.tlog
e:\qwadro\lua4d\sdk\_vs17\lua\x64\debug\lua.tlog\clang-cl.5580.delete.1.tlog
e:\qwadro\lua4d\sdk\_vs17\lua\x64\debug\lua.tlog\clang-cl.5612.delete.1.tlog
e:\qwadro\lua4d\sdk\_vs17\lua\x64\debug\lua.tlog\clang-cl.5636.delete.1.tlog
e:\qwadro\lua4d\sdk\_vs17\lua\x64\debug\lua.tlog\clang-cl.5684.delete.1.tlog
e:\qwadro\lua4d\sdk\_vs17\lua\x64\debug\lua.tlog\clang-cl.5752.delete.1.tlog
e:\qwadro\lua4d\sdk\_vs17\lua\x64\debug\lua.tlog\clang-cl.5792.delete.1.tlog
e:\qwadro\lua4d\sdk\_vs17\lua\x64\debug\lua.tlog\clang-cl.5860.delete.1.tlog
e:\qwadro\lua4d\sdk\_vs17\lua\x64\debug\lua.tlog\clang-cl.5944.delete.1.tlog
e:\qwadro\lua4d\sdk\_vs17\lua\x64\debug\lua.tlog\clang-cl.5968.delete.1.tlog
e:\qwadro\lua4d\sdk\_vs17\lua\x64\debug\lua.tlog\clang-cl.604.delete.1.tlog
e:\qwadro\lua4d\sdk\_vs17\lua\x64\debug\lua.tlog\clang-cl.6132.delete.1.tlog
e:\qwadro\lua4d\sdk\_vs17\lua\x64\debug\lua.tlog\clang-cl.6244.delete.1.tlog
e:\qwadro\lua4d\sdk\_vs17\lua\x64\debug\lua.tlog\clang-cl.6256.delete.1.tlog
e:\qwadro\lua4d\sdk\_vs17\lua\x64\debug\lua.tlog\clang-cl.6416.delete.1.tlog
e:\qwadro\lua4d\sdk\_vs17\lua\x64\debug\lua.tlog\clang-cl.6492.delete.1.tlog
e:\qwadro\lua4d\sdk\_vs17\lua\x64\debug\lua.tlog\clang-cl.6504.delete.1.tlog
e:\qwadro\lua4d\sdk\_vs17\lua\x64\debug\lua.tlog\clang-cl.6512.delete.1.tlog
e:\qwadro\lua4d\sdk\_vs17\lua\x64\debug\lua.tlog\clang-cl.6576.delete.1.tlog
e:\qwadro\lua4d\sdk\_vs17\lua\x64\debug\lua.tlog\clang-cl.6588.delete.1.tlog
e:\qwadro\lua4d\sdk\_vs17\lua\x64\debug\lua.tlog\clang-cl.6596.delete.1.tlog
e:\qwadro\lua4d\sdk\_vs17\lua\x64\debug\lua.tlog\clang-cl.6656.delete.1.tlog
e:\qwadro\lua4d\sdk\_vs17\lua\x64\debug\lua.tlog\clang-cl.6696.delete.1.tlog
e:\qwadro\lua4d\sdk\_vs17\lua\x64\debug\lua.tlog\clang-cl.6832.delete.1.tlog
e:\qwadro\lua4d\sdk\_vs17\lua\x64\debug\lua.tlog\clang-cl.6868.delete.1.tlog
e:\qwadro\lua4d\sdk\_vs17\lua\x64\debug\lua.tlog\clang-cl.6940.delete.1.tlog
e:\qwadro\lua4d\sdk\_vs17\lua\x64\debug\lua.tlog\clang-cl.7072.delete.1.tlog
e:\qwadro\lua4d\sdk\_vs17\lua\x64\debug\lua.tlog\clang-cl.7300.delete.1.tlog
e:\qwadro\lua4d\sdk\_vs17\lua\x64\debug\lua.tlog\clang-cl.7348.delete.1.tlog
e:\qwadro\lua4d\sdk\_vs17\lua\x64\debug\lua.tlog\clang-cl.7380.delete.1.tlog
e:\qwadro\lua4d\sdk\_vs17\lua\x64\debug\lua.tlog\clang-cl.7396.delete.1.tlog
e:\qwadro\lua4d\sdk\_vs17\lua\x64\debug\lua.tlog\clang-cl.7420.delete.1.tlog
e:\qwadro\lua4d\sdk\_vs17\lua\x64\debug\lua.tlog\clang-cl.7468.delete.1.tlog
e:\qwadro\lua4d\sdk\_vs17\lua\x64\debug\lua.tlog\clang-cl.7480.delete.1.tlog
e:\qwadro\lua4d\sdk\_vs17\lua\x64\debug\lua.tlog\clang-cl.7516.delete.1.tlog
e:\qwadro\lua4d\sdk\_vs17\lua\x64\debug\lua.tlog\clang-cl.7544.delete.1.tlog
e:\qwadro\lua4d\sdk\_vs17\lua\x64\debug\lua.tlog\clang-cl.7560.delete.1.tlog
e:\qwadro\lua4d\sdk\_vs17\lua\x64\debug\lua.tlog\clang-cl.7684.delete.1.tlog
e:\qwadro\lua4d\sdk\_vs17\lua\x64\debug\lua.tlog\clang-cl.7704.delete.1.tlog
e:\qwadro\lua4d\sdk\_vs17\lua\x64\debug\lua.tlog\clang-cl.7836.delete.1.tlog
e:\qwadro\lua4d\sdk\_vs17\lua\x64\debug\lua.tlog\clang-cl.7896.delete.1.tlog
e:\qwadro\lua4d\sdk\_vs17\lua\x64\debug\lua.tlog\clang-cl.7988.delete.1.tlog
e:\qwadro\lua4d\sdk\_vs17\lua\x64\debug\lua.tlog\clang-cl.8072.delete.1.tlog
e:\qwadro\lua4d\sdk\_vs17\lua\x64\debug\lua.tlog\clang-cl.8080.delete.1.tlog
e:\qwadro\lua4d\sdk\_vs17\lua\x64\debug\lua.tlog\clang-cl.8116.delete.1.tlog
e:\qwadro\lua4d\sdk\_vs17\lua\x64\debug\lua.tlog\clang-cl.command.1.tlog
e:\qwadro\lua4d\sdk\_vs17\lua\x64\debug\lua.tlog\clang-cl.read.1.tlog
e:\qwadro\lua4d\sdk\_vs17\lua\x64\debug\lua.tlog\lld-link.command.1.tlog
e:\qwadro\lua4d\sdk\_vs17\lua\x64\debug\lua.tlog\lld-link.delete.1.tlog
e:\qwadro\lua4d\sdk\_vs17\lua\x64\debug\lua.tlog\lld-link.read.1.tlog
e:\qwadro\lua4d\sdk\_vs17\lua\x64\debug\lua.tlog\lld-link.write.1.tlog
e:\qwadro\lua4d\sdk\_vs17\lua\x64\debug\lua.tlog\lua.write.1u.tlog
e:\qwadro\lua4d\sdk\_vs17\lua\x64\debug\lua.tlog\rc.command.1.tlog
e:\qwadro\lua4d\sdk\_vs17\lua\x64\debug\lua.tlog\rc.read.1.tlog
e:\qwadro\lua4d\sdk\_vs17\lua\x64\debug\lua.tlog\rc.write.1.tlog
