e:\qwadro\lua4d\lua\win32\release\llex.obj
e:\qwadro\lua4d\lua\win32\release\lctype.obj
e:\qwadro\lua4d\lua\win32\release\lcorolib.obj
e:\qwadro\lua4d\lua\win32\release\loadlib.obj
e:\qwadro\lua4d\lua\win32\release\lauxlib.obj
e:\qwadro\lua4d\lua\win32\release\lgc.obj
e:\qwadro\lua4d\lua\win32\release\lopcodes.obj
e:\qwadro\lua4d\lua\win32\release\lstrlib.obj
e:\qwadro\lua4d\lua\win32\release\lparser.obj
e:\qwadro\lua4d\lua\win32\release\lvm.obj
e:\qwadro\lua4d\lua\win32\release\ltablib.obj
e:\qwadro\lua4d\lua\win32\release\ldump.obj
e:\qwadro\lua4d\lua\win32\release\lundump.obj
e:\qwadro\lua4d\lua\win32\release\loslib.obj
e:\qwadro\lua4d\lua\win32\release\ldebug.obj
e:\qwadro\lua4d\lua\win32\release\lobject.obj
e:\qwadro\lua4d\lua\win32\release\ldo.obj
e:\qwadro\lua4d\lua\win32\release\lbaselib.obj
e:\qwadro\lua4d\lua\win32\release\lstate.obj
e:\qwadro\lua4d\lua\win32\release\luac.obj
e:\qwadro\lua4d\lua\win32\release\lapi.obj
e:\qwadro\lua4d\lua\win32\release\lstring.obj
e:\qwadro\lua4d\lua\win32\release\liolib.obj
e:\qwadro\lua4d\lua\win32\release\lmem.obj
e:\qwadro\lua4d\lua\win32\release\ldblib.obj
e:\qwadro\lua4d\lua\win32\release\ltm.obj
e:\qwadro\lua4d\lua\win32\release\lzio.obj
e:\qwadro\lua4d\lua\win32\release\lutf8lib.obj
e:\qwadro\lua4d\lua\win32\release\lmathlib.obj
e:\qwadro\lua4d\lua\win32\release\lcode.obj
e:\qwadro\lua4d\lua\win32\release\ltable.obj
e:\qwadro\lua4d\lua\win32\release\linit.obj
e:\qwadro\lua4d\lua\win32\release\lfunc.obj
e:\qwadro\afx\system32\lua.pdb
e:\qwadro\afx\system32\lua.dll
e:\qwadro\lua4d\lua\win32\release\lua.res
e:\qwadro\lua4d\lua\win32\release\lua.tlog\clang-cl.1064.delete.1.tlog
e:\qwadro\lua4d\lua\win32\release\lua.tlog\clang-cl.1064.write.1.tlog
e:\qwadro\lua4d\lua\win32\release\lua.tlog\clang-cl.156.delete.1.tlog
e:\qwadro\lua4d\lua\win32\release\lua.tlog\clang-cl.1916.delete.1.tlog
e:\qwadro\lua4d\lua\win32\release\lua.tlog\clang-cl.3040.delete.1.tlog
e:\qwadro\lua4d\lua\win32\release\lua.tlog\clang-cl.3224.delete.1.tlog
e:\qwadro\lua4d\lua\win32\release\lua.tlog\clang-cl.3340.delete.1.tlog
e:\qwadro\lua4d\lua\win32\release\lua.tlog\clang-cl.3424.delete.1.tlog
e:\qwadro\lua4d\lua\win32\release\lua.tlog\clang-cl.3688.delete.1.tlog
e:\qwadro\lua4d\lua\win32\release\lua.tlog\clang-cl.4028.delete.1.tlog
e:\qwadro\lua4d\lua\win32\release\lua.tlog\clang-cl.4684.delete.1.tlog
e:\qwadro\lua4d\lua\win32\release\lua.tlog\clang-cl.4904.delete.1.tlog
e:\qwadro\lua4d\lua\win32\release\lua.tlog\clang-cl.5372.delete.1.tlog
e:\qwadro\lua4d\lua\win32\release\lua.tlog\clang-cl.5388.delete.1.tlog
e:\qwadro\lua4d\lua\win32\release\lua.tlog\clang-cl.5548.delete.1.tlog
e:\qwadro\lua4d\lua\win32\release\lua.tlog\clang-cl.5580.delete.1.tlog
e:\qwadro\lua4d\lua\win32\release\lua.tlog\clang-cl.5720.delete.1.tlog
e:\qwadro\lua4d\lua\win32\release\lua.tlog\clang-cl.6280.delete.1.tlog
e:\qwadro\lua4d\lua\win32\release\lua.tlog\clang-cl.6384.delete.1.tlog
e:\qwadro\lua4d\lua\win32\release\lua.tlog\clang-cl.6456.delete.1.tlog
e:\qwadro\lua4d\lua\win32\release\lua.tlog\clang-cl.6596.delete.1.tlog
e:\qwadro\lua4d\lua\win32\release\lua.tlog\clang-cl.6640.delete.1.tlog
e:\qwadro\lua4d\lua\win32\release\lua.tlog\clang-cl.6664.delete.1.tlog
e:\qwadro\lua4d\lua\win32\release\lua.tlog\clang-cl.6744.delete.1.tlog
e:\qwadro\lua4d\lua\win32\release\lua.tlog\clang-cl.6832.delete.1.tlog
e:\qwadro\lua4d\lua\win32\release\lua.tlog\clang-cl.6876.delete.1.tlog
e:\qwadro\lua4d\lua\win32\release\lua.tlog\clang-cl.6952.delete.1.tlog
e:\qwadro\lua4d\lua\win32\release\lua.tlog\clang-cl.7128.delete.1.tlog
e:\qwadro\lua4d\lua\win32\release\lua.tlog\clang-cl.7200.delete.1.tlog
e:\qwadro\lua4d\lua\win32\release\lua.tlog\clang-cl.7352.delete.1.tlog
e:\qwadro\lua4d\lua\win32\release\lua.tlog\clang-cl.7392.delete.1.tlog
e:\qwadro\lua4d\lua\win32\release\lua.tlog\clang-cl.7616.delete.1.tlog
e:\qwadro\lua4d\lua\win32\release\lua.tlog\clang-cl.7704.delete.1.tlog
e:\qwadro\lua4d\lua\win32\release\lua.tlog\clang-cl.7752.delete.1.tlog
e:\qwadro\lua4d\lua\win32\release\lua.tlog\clang-cl.command.1.tlog
e:\qwadro\lua4d\lua\win32\release\lua.tlog\clang-cl.read.1.tlog
e:\qwadro\lua4d\lua\win32\release\lua.tlog\lld-link.command.1.tlog
e:\qwadro\lua4d\lua\win32\release\lua.tlog\lld-link.delete.1.tlog
e:\qwadro\lua4d\lua\win32\release\lua.tlog\lld-link.read.1.tlog
e:\qwadro\lua4d\lua\win32\release\lua.tlog\lld-link.write.1.tlog
e:\qwadro\lua4d\lua\win32\release\lua.tlog\lua.write.1u.tlog
e:\qwadro\lua4d\lua\win32\release\lua.tlog\rc.command.1.tlog
e:\qwadro\lua4d\lua\win32\release\lua.tlog\rc.read.1.tlog
e:\qwadro\lua4d\lua\win32\release\lua.tlog\rc.write.1.tlog
